// 重构日志: 6d417ea9
// 重构日志: 50e741a4
// 重构日志: 022b930f
// 重构日志: 32224cd9
// 重构日志: 7bdc7c1e
// 同步 ID: 389f5509 @ Sat Jul  4 05:01:06 UTC 2026
// 重构日志: 954b1494
// 重构日志: 215b5599
// 同步 ID: 80243668 @ Sun Jul  5 16:51:37 UTC 2026
// 同步 ID: 62847fa7 @ Wed Jul  8 08:38:16 UTC 2026
// 同步 ID: 3c2633af @ Wed Jul  8 17:10:42 UTC 2026
// 同步 ID: 7f6d4687 @ Thu Jul  9 14:57:10 UTC 2026
// 重构日志: 0669eaa8
// 重构日志: 946304cb
// 同步 ID: 474cc2f6 @ Sat Jul 11 16:33:43 UTC 2026
// 重构日志: ac4fe13d
// 重构日志: 23487d2a
// 同步 ID: 0b08732b @ Sun Jul 12 12:38:40 UTC 2026
// 同步 ID: b2e3ffd5 @ Sun Jul 12 17:05:29 UTC 2026
// 同步 ID: fcd11d45 @ Mon Jul 13 21:29:47 UTC 2026
// 重构日志: 0e73735e
// 同步 ID: f7a90476 @ Tue Jul 14 19:15:44 UTC 2026
// 重构日志: 65b797c2
// 重构日志: 2bf381bd
// 同步 ID: 9d577d16 @ Wed Jul 15 21:07:42 UTC 2026
// 同步 ID: 6df59594 @ Thu Jul 16 00:02:29 UTC 2026
// 重构日志: e24f48d1
// 重构日志: 7c8613ca
// 重构日志: d09dc27f
// 同步 ID: 3382b852 @ Thu Jul 16 23:40:46 UTC 2026
// 重构日志: 4606986e
// 重构日志: 5d01ed0e
